[debug] [2023-05-10T18:24:24.092Z] ----------------------------------------------------------------------
[debug] [2023-05-10T18:24:24.095Z] Command:       C:\Program Files\nodejs\node.exe C:\Users\tinon\AppData\Roaming\npm\node_modules\firebase-tools\lib\bin\firebase.js init
[debug] [2023-05-10T18:24:24.096Z] CLI Version:   12.0.0
[debug] [2023-05-10T18:24:24.096Z] Platform:      win32
[debug] [2023-05-10T18:24:24.096Z] Node Version:  v18.15.0
[debug] [2023-05-10T18:24:24.112Z] Time:          Thu May 11 2023 03:24:24 GMT+0900 (대한민국 표준시)
[debug] [2023-05-10T18:24:24.112Z] ----------------------------------------------------------------------
[debug] 
[debug] [2023-05-10T18:24:24.132Z] > command requires scopes: ["email","openid","https://www.googleapis.com/auth/cloudplatformprojects.readonly","https://www.googleapis.com/auth/firebase","https://www.googleapis.com/auth/cloud-platform"]
[debug] [2023-05-10T18:24:24.133Z] > authorizing via signed-in user (tinon1004@gmail.com)
[info] 
     ######## #### ########  ######## ########     ###     ######  ########
     ##        ##  ##     ## ##       ##     ##  ##   ##  ##       ##
     ######    ##  ########  ######   ########  #########  ######  ######
     ##        ##  ##    ##  ##       ##     ## ##     ##       ## ##
     ##       #### ##     ## ######## ########  ##     ##  ######  ########

You're about to initialize a Firebase project in this directory:

  C:\Users\tinon\Desktop\application\lotto

[info] 
=== Project Setup
[info] 
[info] First, let's associate this project directory with a Firebase project.
[info] You can create multiple project aliases by running firebase use --add, 
[info] but for now we'll just set up a default project.
[info] 
[debug] [2023-05-10T18:24:47.366Z] >>> [apiv2][query] GET https://firebase.googleapis.com/v1beta1/projects pageSize=100
[debug] [2023-05-10T18:24:48.156Z] <<< [apiv2][status] GET https://firebase.googleapis.com/v1beta1/projects 200
[debug] [2023-05-10T18:24:48.157Z] <<< [apiv2][body] GET https://firebase.googleapis.com/v1beta1/projects [omitted]
[info] i  Using project lotto-fd20a (lotto) 
[info] 
=== Hosting Setup
[info] 
[info] Your public directory is the folder (relative to your project directory) that
[info] will contain Hosting assets to be uploaded with firebase deploy. If you
[info] have a build process for your assets, use your build's output directory.
[info] 
[debug] [2023-05-10T18:25:46.135Z] >>> [apiv2][query] GET https://www.gstatic.com/firebasejs/releases.json [none]
[debug] [2023-05-10T18:25:46.343Z] <<< [apiv2][status] GET https://www.gstatic.com/firebasejs/releases.json 200
[debug] [2023-05-10T18:25:46.344Z] <<< [apiv2][body] GET https://www.gstatic.com/firebasejs/releases.json {"current":{"version":"9.21.0","browserURL":"https://www.gstatic.com/firebasejs/9.21.0/firebase.js","packageURL":"https://www.gstatic.com/firebasejs/9.21.0/firebase.tgz"},"live":{"version":"9.21","browserURL":"https://www.gstatic.com/firebasejs/live/9.21/firebase.js","packageURL":"https://www.gstatic.com/firebasejs/live/9.21/firebase.tgz"},"components":{"analytics":"https://www.gstatic.com/firebasejs/9.21.0/firebase-analytics.js","app":"https://www.gstatic.com/firebasejs/9.21.0/firebase-app.js","app-check":"https://www.gstatic.com/firebasejs/9.21.0/firebase-app-check.js","auth":"https://www.gstatic.com/firebasejs/9.21.0/firebase-auth.js","auth/cordova":"https://www.gstatic.com/firebasejs/9.21.0/firebase-auth/cordova.js","auth/react-native":"https://www.gstatic.com/firebasejs/9.21.0/firebase-auth/react-native.js","functions":"https://www.gstatic.com/firebasejs/9.21.0/firebase-functions.js","firestore":"https://www.gstatic.com/firebasejs/9.21.0/firebase-firestore.js","firestore/lite":"https://www.gstatic.com/firebasejs/9.21.0/firebase-firestore/lite.js","installations":"https://www.gstatic.com/firebasejs/9.21.0/firebase-installations.js","storage":"https://www.gstatic.com/firebasejs/9.21.0/firebase-storage.js","performance":"https://www.gstatic.com/firebasejs/9.21.0/firebase-performance.js","remote-config":"https://www.gstatic.com/firebasejs/9.21.0/firebase-remote-config.js","messaging":"https://www.gstatic.com/firebasejs/9.21.0/firebase-messaging.js","messaging/sw":"https://www.gstatic.com/firebasejs/9.21.0/firebase-messaging/sw.js","database":"https://www.gstatic.com/firebasejs/9.21.0/firebase-database.js","firestore.memory":"https://www.gstatic.com/firebasejs/9.21.0/firebase-firestore.memory.js"}}
[info] +  Wrote public/index.html 
[info] 
[info] i  Detected a .git folder at C:\Users\tinon 
[info] i  Authorizing with GitHub to upload your service account to a GitHub repository's secrets store. 
[info] 
[info] Visit this URL on this device to log in:
[info] https://github.com/login/oauth/authorize?client_id=89cf50f02ac6aaed3484&state=453690039&redirect_uri=http%3A%2F%2Flocalhost%3A9005&scope=read%3Auser%20repo%20public_repo
[info] 
[info] Waiting for authentication...
[debug] [2023-05-10T18:26:17.496Z] >>> [apiv2][query] POST https://github.com/login/oauth/access_token [none]
[debug] [2023-05-10T18:26:17.496Z] >>> [apiv2][body] POST https://github.com/login/oauth/access_token [stream]
[debug] [2023-05-10T18:26:17.870Z] <<< [apiv2][status] POST https://github.com/login/oauth/access_token 200
[debug] [2023-05-10T18:26:17.871Z] <<< [apiv2][body] POST https://github.com/login/oauth/access_token {"access_token":"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","token_type":"bearer","scope":"read:user,repo"}
[debug] [2023-05-10T18:26:17.893Z] >>> [apiv2][query] GET https://api.github.com/user [none]
[debug] [2023-05-10T18:26:18.242Z] <<< [apiv2][status] GET https://api.github.com/user 200
[debug] [2023-05-10T18:26:18.242Z] <<< [apiv2][body] GET https://api.github.com/user {"login":"tinon1004","id":128207155,"node_id":"U_kgDOB6RJMw","avatar_url":"https://avatars.githubusercontent.com/u/128207155?v=4","gravatar_id":"","url":"https://api.github.com/users/tinon1004","html_url":"https://github.com/tinon1004","followers_url":"https://api.github.com/users/tinon1004/followers","following_url":"https://api.github.com/users/tinon1004/following{/other_user}","gists_url":"https://api.github.com/users/tinon1004/gists{/gist_id}","starred_url":"https://api.github.com/users/tinon1004/starred{/owner}{/repo}","subscriptions_url":"https://api.github.com/users/tinon1004/subscriptions","organizations_url":"https://api.github.com/users/tinon1004/orgs","repos_url":"https://api.github.com/users/tinon1004/repos","events_url":"https://api.github.com/users/tinon1004/events{/privacy}","received_events_url":"https://api.github.com/users/tinon1004/received_events","type":"User","site_admin":false,"name":null,"company":null,"blog":"","location":null,"email":null,"hireable":null,"bio":null,"twitter_username":null,"public_repos":1,"public_gists":0,"followers":1,"following":0,"created_at":"2023-03-18T05:10:55Z","updated_at":"2023-05-10T05:38:07Z","private_gists":0,"total_private_repos":0,"owned_private_repos":0,"disk_usage":0,"collaborators":0,"two_factor_authentication":false,"plan":{"name":"free","space":976562499,"collaborators":0,"private_repos":10000}}
[info] 
[info] +  Success! Logged into GitHub as tinon1004 
[info] 
[debug] [2023-05-10T18:27:22.655Z] >>> [apiv2][query] GET https://api.github.com/repos//actions/secrets/public-key type=owner
[debug] [2023-05-10T18:27:22.933Z] <<< [apiv2][status] GET https://api.github.com/repos//actions/secrets/public-key 404
[debug] [2023-05-10T18:27:22.933Z] <<< [apiv2][body] GET https://api.github.com/repos//actions/secrets/public-key {"message":"Not Found","documentation_url":"https://docs.github.com/rest"}
[info] 
[info] 
[error] !  The provided authorization cannot be used with this repository. If this repository is in an organization, did you remember to grant access? 
[info] 
[info] i  Action required: Visit this URL to ensure access has been granted to the appropriate organization(s) for the Firebase CLI GitHub OAuth App: 
[info] https://github.com/settings/connections/applications/89cf50f02ac6aaed3484
[info] 
[debug] [2023-05-10T18:27:23.297Z] >>> [apiv2][query] GET https://api.github.com/repos//actions/secrets/public-key type=owner
[debug] [2023-05-10T18:27:23.545Z] <<< [apiv2][status] GET https://api.github.com/repos//actions/secrets/public-key 404
[debug] [2023-05-10T18:27:23.545Z] <<< [apiv2][body] GET https://api.github.com/repos//actions/secrets/public-key {"message":"Not Found","documentation_url":"https://docs.github.com/rest"}
[info] 
[info] 
[error] !  The provided authorization cannot be used with this repository. If this repository is in an organization, did you remember to grant access? 
[info] 
[info] i  Action required: Visit this URL to ensure access has been granted to the appropriate organization(s) for the Firebase CLI GitHub OAuth App: 
[info] https://github.com/settings/connections/applications/89cf50f02ac6aaed3484
[info] 
[debug] [2023-05-10T18:29:33.581Z] >>> [apiv2][query] GET https://api.github.com/repos/react_native/actions/secrets/public-key type=owner
[debug] [2023-05-10T18:29:33.834Z] <<< [apiv2][status] GET https://api.github.com/repos/react_native/actions/secrets/public-key 404
[debug] [2023-05-10T18:29:33.834Z] <<< [apiv2][body] GET https://api.github.com/repos/react_native/actions/secrets/public-key {"message":"Not Found","documentation_url":"https://docs.github.com/rest"}
[info] 
[info] 
[error] !  The provided authorization cannot be used with this repository. If this repository is in an organization, did you remember to grant access? 
[info] 
[info] i  Action required: Visit this URL to ensure access has been granted to the appropriate organization(s) for the Firebase CLI GitHub OAuth App: 
[info] https://github.com/settings/connections/applications/89cf50f02ac6aaed3484
[info] 
[debug] [2023-05-10T18:29:42.077Z] >>> [apiv2][query] GET https://api.github.com/repos/react_native/actions/secrets/public-key type=owner
[debug] [2023-05-10T18:29:42.360Z] <<< [apiv2][status] GET https://api.github.com/repos/react_native/actions/secrets/public-key 404
[debug] [2023-05-10T18:29:42.361Z] <<< [apiv2][body] GET https://api.github.com/repos/react_native/actions/secrets/public-key {"message":"Not Found","documentation_url":"https://docs.github.com/rest"}
[info] 
[info] 
[error] !  The provided authorization cannot be used with this repository. If this repository is in an organization, did you remember to grant access? 
[info] 
[info] i  Action required: Visit this URL to ensure access has been granted to the appropriate organization(s) for the Firebase CLI GitHub OAuth App: 
[info] https://github.com/settings/connections/applications/89cf50f02ac6aaed3484
[info] 
[debug] [2023-05-10T18:30:38.123Z] >>> [apiv2][query] GET https://api.github.com/repos/https://github.com/tinon1004/react_native.git/actions/secrets/public-key type=owner
[debug] [2023-05-10T18:30:38.367Z] <<< [apiv2][status] GET https://api.github.com/repos/https://github.com/tinon1004/react_native.git/actions/secrets/public-key 404
[debug] [2023-05-10T18:30:38.367Z] <<< [apiv2][body] GET https://api.github.com/repos/https://github.com/tinon1004/react_native.git/actions/secrets/public-key {"message":"Not Found","documentation_url":"https://docs.github.com/rest"}
[info] 
[info] 
[error] !  The provided authorization cannot be used with this repository. If this repository is in an organization, did you remember to grant access? 
[info] 
[info] i  Action required: Visit this URL to ensure access has been granted to the appropriate organization(s) for the Firebase CLI GitHub OAuth App: 
[info] https://github.com/settings/connections/applications/89cf50f02ac6aaed3484
[info] 
